2025-10-27 13:51:02,551 - root - INFO - Mail Configuration: Microsoft 365 OAuth2
2025-10-27 13:51:02,551 - root - INFO - MS_CLIENT_ID: b5d3d9b5-5ec0-4bb3-a127-5bce2c8e632d
2025-10-27 13:51:02,552 - root - INFO - MS_TENANT_ID: fdc52ee0-3b36-4a9b-ad4f-216bd2d20c4e
2025-10-27 13:51:02,552 - root - INFO - MS_FROM_EMAIL: support@truelog.com.sg
2025-10-27 13:51:02,552 - root - INFO - USE_OAUTH2_EMAIL: True
2025-10-27 13:51:02,552 - root - INFO - MAIL_SERVER: smtp.gmail.com
2025-10-27 13:51:02,552 - root - INFO - MAIL_PORT: 587
2025-10-27 13:51:02,552 - root - INFO - MAIL_USE_TLS: True
2025-10-27 13:51:02,552 - root - INFO - MAIL_USERNAME: trueloginventory@gmail.com
2025-10-27 13:51:02,552 - root - INFO - MAIL_DEFAULT_SENDER: trueloginventory@gmail.com
2025-10-27 13:51:02,646 - __main__ - INFO - Starting application...
2025-10-27 13:51:02,646 - __main__ - INFO - Initializing database...
2025-10-27 13:51:02,649 - database - INFO - Database initialized successfully
2025-10-27 13:51:02,652 - __main__ - INFO - 
Checking for admin user...
2025-10-27 13:51:02,655 - __main__ - INFO - Admin user already exists: {admin_user.username}
 * Serving Flask app 'app'
 * Debug mode: on
2025-10-27 13:51:02,661 - werkzeug - INFO - [31m[1mWARNING: This is a development server. Do not use it in a production deployment. Use a production WSGI server instead.[0m
 * Running on http://127.0.0.1:5009
2025-10-27 13:51:02,661 - werkzeug - INFO - [33mPress CTRL+C to quit[0m
2025-10-27 13:51:02,662 - werkzeug - INFO -  * Restarting with stat
2025-10-27 13:51:03,772 - root - INFO - Mail Configuration: Microsoft 365 OAuth2
2025-10-27 13:51:03,773 - root - INFO - MS_CLIENT_ID: b5d3d9b5-5ec0-4bb3-a127-5bce2c8e632d
2025-10-27 13:51:03,773 - root - INFO - MS_TENANT_ID: fdc52ee0-3b36-4a9b-ad4f-216bd2d20c4e
2025-10-27 13:51:03,773 - root - INFO - MS_FROM_EMAIL: support@truelog.com.sg
2025-10-27 13:51:03,773 - root - INFO - USE_OAUTH2_EMAIL: True
2025-10-27 13:51:03,773 - root - INFO - MAIL_SERVER: smtp.gmail.com
2025-10-27 13:51:03,773 - root - INFO - MAIL_PORT: 587
2025-10-27 13:51:03,773 - root - INFO - MAIL_USE_TLS: True
2025-10-27 13:51:03,773 - root - INFO - MAIL_USERNAME: trueloginventory@gmail.com
2025-10-27 13:51:03,773 - root - INFO - MAIL_DEFAULT_SENDER: trueloginventory@gmail.com
2025-10-27 13:51:03,865 - __main__ - INFO - Starting application...
2025-10-27 13:51:03,865 - __main__ - INFO - Initializing database...
2025-10-27 13:51:03,868 - database - INFO - Database initialized successfully
2025-10-27 13:51:03,872 - __main__ - INFO - 
Checking for admin user...
2025-10-27 13:51:03,873 - __main__ - INFO - Admin user already exists: {admin_user.username}
2025-10-27 13:51:03,876 - werkzeug - WARNING -  * Debugger is active!
2025-10-27 13:51:03,885 - werkzeug - INFO -  * Debugger PIN: 116-255-929
2025-10-27 13:51:19,591 - werkzeug - INFO - 127.0.0.1 - - [27/Oct/2025 13:51:19] "GET /tickets/notifications HTTP/1.1" 200 -
2025-10-27 13:51:19,592 - werkzeug - INFO - 127.0.0.1 - - [27/Oct/2025 13:51:19] "GET /tickets/notifications/unread-count HTTP/1.1" 200 -
2025-10-27 13:52:19,580 - werkzeug - INFO - 127.0.0.1 - - [27/Oct/2025 13:52:19] "GET /tickets/notifications HTTP/1.1" 200 -
2025-10-27 13:52:19,580 - werkzeug - INFO - 127.0.0.1 - - [27/Oct/2025 13:52:19] "GET /tickets/notifications/unread-count HTTP/1.1" 200 -
